  [1m[35m (554.5ms)[0m  [1m[35mCREATE DATABASE "W4D5_development" ENCODING = 'unicode'[0m
  ↳ bin/rails:9
  [1m[35m (268.1ms)[0m  [1m[35mCREATE DATABASE "W4D5_test" ENCODING = 'unicode'[0m
  ↳ bin/rails:9
  [1m[35m (373.6ms)[0m  [1m[35mCREATE TABLE "schema_migrations" ("version" character varying NOT NULL PRIMARY KEY)[0m
  ↳ bin/rails:9
  [1m[35m (35.0ms)[0m  [1m[35mCREATE TABLE "ar_internal_metadata" ("key" character varying NOT NULL PRIMARY KEY, "value" character varying, "created_at" timestamp NOT NULL, "updated_at" timestamp NOT NULL)[0m
  ↳ bin/rails:9
  [1m[35m (38.1ms)[0m  [1m[34mSELECT pg_try_advisory_lock(1937594501650176495)[0m
  ↳ bin/rails:9
  [1m[35m (16.8ms)[0m  [1m[34mSELECT "schema_migrations"."version" FROM "schema_migrations" ORDER BY "schema_migrations"."version" ASC[0m
  ↳ bin/rails:9
Migrating to CreateUsers (20190201194806)
  [1m[35m (32.5ms)[0m  [1m[35mBEGIN[0m
  ↳ bin/rails:9
  [1m[35m (96.4ms)[0m  [1m[35mCREATE TABLE "users" ("id" bigserial primary key, "username" character varying NOT NULL, "password_digest" character varying NOT NULL, "session_token" character varying NOT NULL, "created_at" timestamp NOT NULL, "updated_at" timestamp NOT NULL)[0m
  ↳ db/migrate/20190201194806_create_users.rb:3
  [1m[35m (2.2ms)[0m  [1m[35mCREATE UNIQUE INDEX  "index_users_on_username" ON "users"  ("username")[0m
  ↳ db/migrate/20190201194806_create_users.rb:10
  [1m[35m (1.2ms)[0m  [1m[35mCREATE UNIQUE INDEX  "index_users_on_session_token" ON "users"  ("session_token")[0m
  ↳ db/migrate/20190201194806_create_users.rb:11
  [1m[36mActiveRecord::SchemaMigration Create (71.2ms)[0m  [1m[32mINSERT INTO "schema_migrations" ("version") VALUES ($1) RETURNING "version"[0m  [["version", "20190201194806"]]
  ↳ bin/rails:9
  [1m[35m (1.0ms)[0m  [1m[35mCOMMIT[0m
  ↳ bin/rails:9
  [1m[36mActiveRecord::InternalMetadata Load (1.4ms)[0m  [1m[34mSELECT  "ar_internal_metadata".* FROM "ar_internal_metadata" WHERE "ar_internal_metadata"."key" = $1 LIMIT $2[0m  [["key", "environment"], ["LIMIT", 1]]
  ↳ bin/rails:9
  [1m[35m (0.4ms)[0m  [1m[35mBEGIN[0m
  ↳ bin/rails:9
  [1m[36mActiveRecord::InternalMetadata Create (20.5ms)[0m  [1m[32mINSERT INTO "ar_internal_metadata" ("key", "value", "created_at", "updated_at") VALUES ($1, $2, $3, $4) RETURNING "key"[0m  [["key", "environment"], ["value", "development"], ["created_at", "2019-02-01 22:09:03.523767"], ["updated_at", "2019-02-01 22:09:03.523767"]]
  ↳ bin/rails:9
  [1m[35m (0.5ms)[0m  [1m[35mCOMMIT[0m
  ↳ bin/rails:9
  [1m[35m (0.3ms)[0m  [1m[34mSELECT pg_advisory_unlock(1937594501650176495)[0m
  ↳ bin/rails:9
  [1m[35m (0.4ms)[0m  [1m[34mSELECT "schema_migrations"."version" FROM "schema_migrations" ORDER BY "schema_migrations"."version" ASC[0m
  ↳ bin/rails:9
  [1m[35m (1.5ms)[0m  [1m[34mSELECT "schema_migrations"."version" FROM "schema_migrations" ORDER BY "schema_migrations"."version" ASC[0m
  ↳ /usr/local/var/rbenv/versions/2.5.0/bin/annotate:23
Started GET "/" for 127.0.0.1 at 2019-02-01 16:39:39 -0800
  [1m[35m (14.7ms)[0m  [1m[34mSELECT "schema_migrations"."version" FROM "schema_migrations" ORDER BY "schema_migrations"."version" ASC[0m
  ↳ /usr/local/var/rbenv/versions/2.5.0/lib/ruby/gems/2.5.0/gems/activerecord-5.2.2/lib/active_record/log_subscriber.rb:98
Processing by Rails::WelcomeController#index as HTML
  Rendering /usr/local/var/rbenv/versions/2.5.0/lib/ruby/gems/2.5.0/gems/railties-5.2.2/lib/rails/templates/rails/welcome/index.html.erb
  Rendered /usr/local/var/rbenv/versions/2.5.0/lib/ruby/gems/2.5.0/gems/railties-5.2.2/lib/rails/templates/rails/welcome/index.html.erb (5.0ms)
Completed 200 OK in 86ms (Views: 42.3ms | ActiveRecord: 0.0ms)


Started GET "/users/new" for 127.0.0.1 at 2019-02-01 16:39:45 -0800
Processing by UsersController#new as HTML
  Rendering users/new.html.erb within layouts/application
  Rendered users/new.html.erb within layouts/application (0.7ms)
Completed 200 OK in 1288ms (Views: 1287.7ms | ActiveRecord: 0.0ms)


Started GET "/users/new" for 127.0.0.1 at 2019-02-01 16:44:05 -0800
Processing by UsersController#new as HTML
  Rendering users/new.html.erb within layouts/application
  Rendered users/new.html.erb within layouts/application (0.9ms)
Completed 200 OK in 294ms (Views: 293.2ms | ActiveRecord: 0.0ms)


Started POST "/users" for 127.0.0.1 at 2019-02-01 16:44:15 -0800
Processing by UsersController#create as HTML
  Parameters: {"user"=>{"username"=>"alec", "password"=>"[FILTERED]"}}
Can't verify CSRF token authenticity.
Completed 422 Unprocessable Entity in 2ms (ActiveRecord: 0.0ms)



ActionController::InvalidAuthenticityToken - ActionController::InvalidAuthenticityToken:

Started POST "/__better_errors/9b7db76f65fd26f8/variables" for 127.0.0.1 at 2019-02-01 16:44:16 -0800
Started GET "/users/new" for 127.0.0.1 at 2019-02-01 16:48:34 -0800
Processing by UsersController#new as HTML
  Rendering users/new.html.erb within layouts/application
  Rendered users/new.html.erb within layouts/application (1.2ms)
Completed 200 OK in 135ms (Views: 134.9ms | ActiveRecord: 0.0ms)


Started POST "/users" for 127.0.0.1 at 2019-02-01 16:48:42 -0800
Processing by UsersController#create as HTML
  Parameters: {"authenticity_token"=>"G/krNvVpfaXsseD0lsyJKYw5gDeU+4gH5thzJfTyMfR3t452BLbJkCOb/uwsbTCpz/hmA1j6czreVY7r8Tzq7Q==", "user"=>{"username"=>"alec", "password"=>"[FILTERED]"}}
  [1m[35m (0.2ms)[0m  [1m[35mBEGIN[0m
  ↳ app/controllers/users_controller.rb:10
  [1m[36mUser Exists (2.3ms)[0m  [1m[34mSELECT  1 AS one FROM "users" WHERE "users"."username" = $1 LIMIT $2[0m  [["username", "alec"], ["LIMIT", 1]]
  ↳ app/controllers/users_controller.rb:10
  [1m[36mUser Exists (0.8ms)[0m  [1m[34mSELECT  1 AS one FROM "users" WHERE "users"."session_token" = $1 LIMIT $2[0m  [["session_token", "60kZCIEBeGrxw7P5pQrevg"], ["LIMIT", 1]]
  ↳ app/controllers/users_controller.rb:10
  [1m[36mUser Create (12.9ms)[0m  [1m[32mINSERT INTO "users" ("username", "password_digest", "session_token", "created_at", "updated_at") VALUES ($1, $2, $3, $4, $5) RETURNING "id"[0m  [["username", "alec"], ["password_digest", "$2a$10$vQxl2LwHT9UTmJxjx3/nb.EH902wAjVrB/WRXMv1eiODbA7rJUBJW"], ["session_token", "60kZCIEBeGrxw7P5pQrevg"], ["created_at", "2019-02-02 00:48:42.236395"], ["updated_at", "2019-02-02 00:48:42.236395"]]
  ↳ app/controllers/users_controller.rb:10
  [1m[35m (9.4ms)[0m  [1m[35mCOMMIT[0m
  ↳ app/controllers/users_controller.rb:10
Redirected to http://localhost:3000/users
Completed 302 Found in 175ms (ActiveRecord: 37.6ms)


Started GET "/users" for 127.0.0.1 at 2019-02-01 16:48:42 -0800
Processing by UsersController#index as HTML
Completed 406 Not Acceptable in 119ms (ActiveRecord: 0.0ms)



ActionController::UnknownFormat - UsersController#index is missing a template for this request format and variant.

request.formats: ["text/html"]
request.variant: []

NOTE! For XHR/Ajax or API requests, this action would normally respond with 204 No Content: an empty white screen. Since you're loading it in a web browser, we assume that you expected to actually render a template, not nothing, so we're showing an error to be extra-clear. If you expect 204 No Content, carry on. That's what you'll get from an XHR or API request. Give it a shot.:

Started POST "/__better_errors/e018772462bcc1c2/variables" for 127.0.0.1 at 2019-02-01 16:48:42 -0800
  [1m[36mUser Load (1.0ms)[0m  [1m[34mSELECT "users".* FROM "users"[0m
Started POST "/users" for 127.0.0.1 at 2019-02-01 16:49:33 -0800
Processing by UsersController#create as HTML
  Parameters: {"authenticity_token"=>"G/krNvVpfaXsseD0lsyJKYw5gDeU+4gH5thzJfTyMfR3t452BLbJkCOb/uwsbTCpz/hmA1j6czreVY7r8Tzq7Q==", "user"=>{"username"=>"alec", "password"=>"[FILTERED]"}}
  [1m[35m (0.2ms)[0m  [1m[35mBEGIN[0m
  ↳ app/controllers/users_controller.rb:10
  [1m[36mUser Exists (0.6ms)[0m  [1m[34mSELECT  1 AS one FROM "users" WHERE "users"."username" = $1 LIMIT $2[0m  [["username", "alec"], ["LIMIT", 1]]
  ↳ app/controllers/users_controller.rb:10
  [1m[36mUser Exists (0.7ms)[0m  [1m[34mSELECT  1 AS one FROM "users" WHERE "users"."session_token" = $1 LIMIT $2[0m  [["session_token", "WaYxkL8QtBOeDnQhH9Fgvw"], ["LIMIT", 1]]
  ↳ app/controllers/users_controller.rb:10
  [1m[35m (0.6ms)[0m  [1m[31mROLLBACK[0m
  ↳ app/controllers/users_controller.rb:10
Redirected to http://localhost:3000/users/new
Completed 302 Found in 284ms (ActiveRecord: 2.1ms)


Started GET "/users/new" for 127.0.0.1 at 2019-02-01 16:49:33 -0800
Processing by UsersController#new as HTML
  Rendering users/new.html.erb within layouts/application
  Rendered users/new.html.erb within layouts/application (0.9ms)
Completed 200 OK in 166ms (Views: 165.1ms | ActiveRecord: 0.0ms)


Started GET "/users/new" for 127.0.0.1 at 2019-02-01 16:50:00 -0800
Processing by UsersController#new as HTML
  Rendering users/new.html.erb within layouts/application
  Rendered users/new.html.erb within layouts/application (1.0ms)
Completed 200 OK in 76ms (Views: 75.2ms | ActiveRecord: 0.0ms)


Started POST "/users" for 127.0.0.1 at 2019-02-01 16:50:04 -0800
Processing by UsersController#create as HTML
  Parameters: {"authenticity_token"=>"Fxow/vPBy1U5PXR5KX7ol/DRAHTSG4AMw/t3B3I/6CF7VJW+Ah5/YPYXamGT31EXsxDmQB4aezH7dorJd/EzOA==", "user"=>{"username"=>"alec", "password"=>"[FILTERED]"}}
  [1m[35m (0.2ms)[0m  [1m[35mBEGIN[0m
  ↳ app/controllers/users_controller.rb:10
  [1m[36mUser Exists (0.6ms)[0m  [1m[34mSELECT  1 AS one FROM "users" WHERE "users"."username" = $1 LIMIT $2[0m  [["username", "alec"], ["LIMIT", 1]]
  ↳ app/controllers/users_controller.rb:10
  [1m[36mUser Exists (0.5ms)[0m  [1m[34mSELECT  1 AS one FROM "users" WHERE "users"."session_token" = $1 LIMIT $2[0m  [["session_token", "MzMqveOuirZ5mA7FhOkYzQ"], ["LIMIT", 1]]
  ↳ app/controllers/users_controller.rb:10
  [1m[35m (0.3ms)[0m  [1m[31mROLLBACK[0m
  ↳ app/controllers/users_controller.rb:10
Redirected to http://localhost:3000/users/new
Completed 302 Found in 92ms (ActiveRecord: 1.6ms)


Started GET "/users/new" for 127.0.0.1 at 2019-02-01 16:50:04 -0800
Processing by UsersController#new as HTML
  Rendering users/new.html.erb within layouts/application
  Rendered users/new.html.erb within layouts/application (2.7ms)
Completed 200 OK in 55ms (Views: 54.6ms | ActiveRecord: 0.0ms)


Started GET "/users/new" for 127.0.0.1 at 2019-02-01 16:50:16 -0800
Processing by UsersController#new as HTML
  Rendering users/new.html.erb within layouts/application
  Rendered users/new.html.erb within layouts/application (0.9ms)
Completed 200 OK in 79ms (Views: 77.4ms | ActiveRecord: 0.0ms)


Started GET "/users/new" for 127.0.0.1 at 2019-02-01 16:52:22 -0800
Processing by UsersController#new as HTML
  Rendering users/new.html.erb within layouts/application
  Rendered users/new.html.erb within layouts/application (1.0ms)
Completed 200 OK in 124ms (Views: 123.0ms | ActiveRecord: 0.0ms)


Started POST "/users" for 127.0.0.1 at 2019-02-01 16:52:35 -0800
Processing by UsersController#create as HTML
  Parameters: {"authenticity_token"=>"KT+jpv4lsqcqgGLiqt1Brsb2eh18KmHipTyCHMxQTb9FcQbmD/oGkuWqfPoQfPguhTecKbArmt+dsX/SyZ6Wpg==", "user"=>{"username"=>"kevin", "password"=>"[FILTERED]"}}
  [1m[35m (0.2ms)[0m  [1m[35mBEGIN[0m
  ↳ app/controllers/users_controller.rb:9
  [1m[36mUser Exists (0.5ms)[0m  [1m[34mSELECT  1 AS one FROM "users" WHERE "users"."username" = $1 LIMIT $2[0m  [["username", "kevin"], ["LIMIT", 1]]
  ↳ app/controllers/users_controller.rb:9
  [1m[36mUser Exists (0.8ms)[0m  [1m[34mSELECT  1 AS one FROM "users" WHERE "users"."session_token" = $1 LIMIT $2[0m  [["session_token", "A9n7uXMuGAWWOwhBGi4QUg"], ["LIMIT", 1]]
  ↳ app/controllers/users_controller.rb:9
  [1m[36mUser Create (0.5ms)[0m  [1m[32mINSERT INTO "users" ("username", "password_digest", "session_token", "created_at", "updated_at") VALUES ($1, $2, $3, $4, $5) RETURNING "id"[0m  [["username", "kevin"], ["password_digest", "$2a$10$5HADdUifsidpAVUKUOMzb./hh5KWJovcz04x4z/FP2jz8zm9QkWea"], ["session_token", "A9n7uXMuGAWWOwhBGi4QUg"], ["created_at", "2019-02-02 00:52:35.263632"], ["updated_at", "2019-02-02 00:52:35.263632"]]
  ↳ app/controllers/users_controller.rb:9
  [1m[35m (0.5ms)[0m  [1m[35mCOMMIT[0m
  ↳ app/controllers/users_controller.rb:9
Redirected to http://localhost:3000/users
Completed 302 Found in 136ms (ActiveRecord: 10.3ms)


Started GET "/users" for 127.0.0.1 at 2019-02-01 16:52:35 -0800
Processing by UsersController#index as HTML
  [1m[36mUser Load (0.4ms)[0m  [1m[34mSELECT "users".* FROM "users"[0m
  ↳ app/controllers/users_controller.rb:4
Completed 200 OK in 26ms (Views: 24.5ms | ActiveRecord: 0.4ms)


Started GET "/users" for 127.0.0.1 at 2019-02-01 16:57:11 -0800
Processing by UsersController#index as HTML
  Rendering users/index.html.erb within layouts/application
  [1m[36mUser Load (0.8ms)[0m  [1m[34mSELECT "users".* FROM "users"[0m
  ↳ app/views/users/index.html.erb:2
  Rendered users/index.html.erb within layouts/application (21.6ms)
Completed 200 OK in 99ms (Views: 89.3ms | ActiveRecord: 8.6ms)


Started GET "/users" for 127.0.0.1 at 2019-02-01 16:57:13 -0800
Processing by UsersController#index as HTML
  Rendering users/index.html.erb within layouts/application
  [1m[36mUser Load (0.5ms)[0m  [1m[34mSELECT "users".* FROM "users"[0m
  ↳ app/views/users/index.html.erb:2
  Rendered users/index.html.erb within layouts/application (2.7ms)
Completed 200 OK in 31ms (Views: 30.0ms | ActiveRecord: 0.5ms)


Started GET "/users/new" for 127.0.0.1 at 2019-02-01 16:57:17 -0800
Processing by UsersController#new as HTML
  Rendering users/new.html.erb within layouts/application
  Rendered users/new.html.erb within layouts/application (0.8ms)
Completed 200 OK in 69ms (Views: 68.2ms | ActiveRecord: 0.0ms)


Started POST "/users" for 127.0.0.1 at 2019-02-01 16:57:24 -0800
Processing by UsersController#create as HTML
  Parameters: {"authenticity_token"=>"sEN+UJMXwZV/oDTnd4YkKzFHbgxzKw8+0kSjNjexhRHcDdsQYsh1oLCKKv/NJ52rcoaIOL8q9APqyV74Mn9eCA==", "user"=>{"username"=>"alec123", "password"=>"[FILTERED]"}}
  [1m[35m (0.2ms)[0m  [1m[35mBEGIN[0m
  ↳ app/controllers/users_controller.rb:9
  [1m[36mUser Exists (0.5ms)[0m  [1m[34mSELECT  1 AS one FROM "users" WHERE "users"."username" = $1 LIMIT $2[0m  [["username", "alec123"], ["LIMIT", 1]]
  ↳ app/controllers/users_controller.rb:9
  [1m[36mUser Exists (0.4ms)[0m  [1m[34mSELECT  1 AS one FROM "users" WHERE "users"."session_token" = $1 LIMIT $2[0m  [["session_token", "N04IZwrZ9b29biFT50QB_w"], ["LIMIT", 1]]
  ↳ app/controllers/users_controller.rb:9
  [1m[36mUser Create (0.6ms)[0m  [1m[32mINSERT INTO "users" ("username", "password_digest", "session_token", "created_at", "updated_at") VALUES ($1, $2, $3, $4, $5) RETURNING "id"[0m  [["username", "alec123"], ["password_digest", "$2a$10$asvn.TJTBzb.Bzfi2493gOGpCjtvSMshN2yrUNUV9.M.nibgqm2Zi"], ["session_token", "N04IZwrZ9b29biFT50QB_w"], ["created_at", "2019-02-02 00:57:24.920159"], ["updated_at", "2019-02-02 00:57:24.920159"]]
  ↳ app/controllers/users_controller.rb:9
  [1m[35m (0.5ms)[0m  [1m[35mCOMMIT[0m
  ↳ app/controllers/users_controller.rb:9
Redirected to http://localhost:3000/users
Completed 302 Found in 82ms (ActiveRecord: 2.2ms)


Started GET "/users" for 127.0.0.1 at 2019-02-01 16:57:24 -0800
Processing by UsersController#index as HTML
  Rendering users/index.html.erb within layouts/application
  [1m[36mUser Load (0.5ms)[0m  [1m[34mSELECT "users".* FROM "users"[0m
  ↳ app/views/users/index.html.erb:2
  Rendered users/index.html.erb within layouts/application (1.8ms)
Completed 200 OK in 25ms (Views: 23.9ms | ActiveRecord: 0.5ms)


Started GET "/users" for 127.0.0.1 at 2019-02-01 16:59:23 -0800
Processing by UsersController#index as HTML
  Rendering users/index.html.erb within layouts/application
  [1m[36mUser Load (0.5ms)[0m  [1m[34mSELECT "users".* FROM "users"[0m
  ↳ app/views/users/index.html.erb:2
  Rendered users/index.html.erb within layouts/application (2.2ms)
Completed 200 OK in 89ms (Views: 87.6ms | ActiveRecord: 0.5ms)


